<?xml version="1.0" encoding="UTF-8"?>
<coverage generated="1772628622809" clover="3.2.0">
  <project timestamp="1772628622809" name="All files">
    <metrics statements="51" coveredstatements="51" conditionals="6" coveredconditionals="6" methods="22" coveredmethods="22" elements="79" coveredelements="79" complexity="0" loc="51" ncloc="51" packages="1" files="4" classes="4"/>
    <file name="encryption.ts" path="/home/radivis/projects/bitboard-pwa-wallet/frontend/src/db/encryption.ts">
      <metrics statements="15" coveredstatements="15" conditionals="0" coveredconditionals="0" methods="3" coveredmethods="3"/>
      <line num="9" count="2" type="stmt"/>
      <line num="10" count="2" type="stmt"/>
      <line num="13" count="36" type="stmt"/>
      <line num="15" count="36" type="stmt"/>
      <line num="40" count="23" type="stmt"/>
      <line num="41" count="23" type="stmt"/>
      <line num="43" count="23" type="stmt"/>
      <line num="44" count="23" type="stmt"/>
      <line num="46" count="23" type="stmt"/>
      <line num="52" count="23" type="stmt"/>
      <line num="72" count="13" type="stmt"/>
      <line num="74" count="13" type="stmt"/>
      <line num="75" count="13" type="stmt"/>
      <line num="81" count="8" type="stmt"/>
      <line num="83" count="5" type="stmt"/>
    </file>
    <file name="migrations.ts" path="/home/radivis/projects/bitboard-pwa-wallet/frontend/src/db/migrations.ts">
      <metrics statements="16" coveredstatements="16" conditionals="0" coveredconditionals="0" methods="14" coveredmethods="14"/>
      <line num="4" count="10" type="stmt"/>
      <line num="7" count="10" type="stmt"/>
      <line num="8" count="10" type="stmt"/>
      <line num="9" count="10" type="stmt"/>
      <line num="10" count="10" type="stmt"/>
      <line num="13" count="10" type="stmt"/>
      <line num="16" count="10" type="stmt"/>
      <line num="17" count="10" type="stmt"/>
      <line num="20" count="10" type="stmt"/>
      <line num="23" count="10" type="stmt"/>
      <line num="24" count="10" type="stmt"/>
      <line num="25" count="10" type="stmt"/>
      <line num="26" count="10" type="stmt"/>
      <line num="27" count="10" type="stmt"/>
      <line num="28" count="10" type="stmt"/>
      <line num="29" count="10" type="stmt"/>
    </file>
    <file name="test-helpers.ts" path="/home/radivis/projects/bitboard-pwa-wallet/frontend/src/db/test-helpers.ts">
      <metrics statements="3" coveredstatements="3" conditionals="0" coveredconditionals="0" methods="1" coveredmethods="1"/>
      <line num="7" count="10" type="stmt"/>
      <line num="12" count="10" type="stmt"/>
      <line num="13" count="10" type="stmt"/>
    </file>
    <file name="wallet-persistence.ts" path="/home/radivis/projects/bitboard-pwa-wallet/frontend/src/db/wallet-persistence.ts">
      <metrics statements="17" coveredstatements="17" conditionals="6" coveredconditionals="6" methods="4" coveredmethods="4"/>
      <line num="31" count="10" type="stmt"/>
      <line num="33" count="9" type="stmt"/>
      <line num="34" count="9" type="stmt"/>
      <line num="36" count="9" type="stmt"/>
      <line num="37" count="9" type="stmt"/>
      <line num="43" count="9" type="cond" truecount="2" falsecount="0"/>
      <line num="44" count="1" type="stmt"/>
      <line num="55" count="8" type="stmt"/>
      <line num="85" count="6" type="stmt"/>
      <line num="91" count="6" type="cond" truecount="2" falsecount="0"/>
      <line num="92" count="1" type="stmt"/>
      <line num="95" count="5" type="stmt"/>
      <line num="101" count="4" type="stmt"/>
      <line num="113" count="2" type="stmt"/>
      <line num="120" count="10" type="stmt"/>
      <line num="126" count="10" type="cond" truecount="2" falsecount="0"/>
      <line num="127" count="1" type="stmt"/>
    </file>
  </project>
</coverage>
