{"/home/radivis/projects/bitboard-pwa-wallet/frontend/src/db/encryption.ts": {"path":"/home/radivis/projects/bitboard-pwa-wallet/frontend/src/db/encryption.ts","statementMap":{"0":{"start":{"line":9,"column":26},"end":{"line":9,"column":null}},"1":{"start":{"line":10,"column":24},"end":{"line":10,"column":null}},"2":{"start":{"line":13,"column":17},"end":{"line":13,"column":null}},"3":{"start":{"line":15,"column":2},"end":{"line":21,"column":null}},"4":{"start":{"line":40,"column":15},"end":{"line":40,"column":null}},"5":{"start":{"line":41,"column":13},"end":{"line":41,"column":null}},"6":{"start":{"line":43,"column":14},"end":{"line":43,"column":null}},"7":{"start":{"line":44,"column":25},"end":{"line":44,"column":null}},"8":{"start":{"line":46,"column":27},"end":{"line":50,"column":null}},"9":{"start":{"line":52,"column":2},"end":{"line":56,"column":null}},"10":{"start":{"line":72,"column":14},"end":{"line":72,"column":null}},"11":{"start":{"line":74,"column":2},"end":{"line":84,"column":null}},"12":{"start":{"line":75,"column":27},"end":{"line":79,"column":null}},"13":{"start":{"line":81,"column":4},"end":{"line":81,"column":null}},"14":{"start":{"line":83,"column":4},"end":{"line":83,"column":null}}},"fnMap":{"0":{"name":"deriveKey","decl":{"start":{"line":12,"column":15},"end":{"line":12,"column":25}},"loc":{"start":{"line":12,"column":81},"end":{"line":22,"column":null}},"line":12},"1":{"name":"encryptData","decl":{"start":{"line":36,"column":22},"end":{"line":36,"column":null}},"loc":{"start":{"line":39,"column":26},"end":{"line":57,"column":null}},"line":39},"2":{"name":"decryptData","decl":{"start":{"line":68,"column":22},"end":{"line":68,"column":null}},"loc":{"start":{"line":71,"column":19},"end":{"line":85,"column":null}},"line":71}},"branchMap":{},"s":{"0":2,"1":2,"2":36,"3":36,"4":23,"5":23,"6":23,"7":23,"8":23,"9":23,"10":13,"11":13,"12":13,"13":8,"14":5},"f":{"0":36,"1":23,"2":13},"b":{},"meta":{"lastBranch":0,"lastFunction":3,"lastStatement":15,"seen":{"s:9:26:9:Infinity":0,"s:10:24:10:Infinity":1,"f:12:15:12:25":0,"s:13:17:13:Infinity":2,"s:15:2:21:Infinity":3,"f:36:22:36:Infinity":1,"s:40:15:40:Infinity":4,"s:41:13:41:Infinity":5,"s:43:14:43:Infinity":6,"s:44:25:44:Infinity":7,"s:46:27:50:Infinity":8,"s:52:2:56:Infinity":9,"f:68:22:68:Infinity":2,"s:72:14:72:Infinity":10,"s:74:2:84:Infinity":11,"s:75:27:79:Infinity":12,"s:81:4:81:Infinity":13,"s:83:4:83:Infinity":14}}}
,"/home/radivis/projects/bitboard-pwa-wallet/frontend/src/db/migrations.ts": {"path":"/home/radivis/projects/bitboard-pwa-wallet/frontend/src/db/migrations.ts","statementMap":{"0":{"start":{"line":4,"column":2},"end":{"line":11,"column":null}},"1":{"start":{"line":7,"column":41},"end":{"line":7,"column":73}},"2":{"start":{"line":8,"column":40},"end":{"line":8,"column":53}},"3":{"start":{"line":9,"column":43},"end":{"line":9,"column":56}},"4":{"start":{"line":10,"column":46},"end":{"line":10,"column":59}},"5":{"start":{"line":13,"column":2},"end":{"line":18,"column":null}},"6":{"start":{"line":16,"column":39},"end":{"line":16,"column":55}},"7":{"start":{"line":17,"column":41},"end":{"line":17,"column":54}},"8":{"start":{"line":20,"column":2},"end":{"line":30,"column":null}},"9":{"start":{"line":23,"column":41},"end":{"line":23,"column":73}},"10":{"start":{"line":24,"column":48},"end":{"line":24,"column":70}},"11":{"start":{"line":25,"column":50},"end":{"line":25,"column":63}},"12":{"start":{"line":26,"column":38},"end":{"line":26,"column":51}},"13":{"start":{"line":27,"column":40},"end":{"line":27,"column":53}},"14":{"start":{"line":28,"column":46},"end":{"line":28,"column":59}},"15":{"start":{"line":29,"column":46},"end":{"line":29,"column":59}}},"fnMap":{"0":{"name":"migrateToLatest","decl":{"start":{"line":3,"column":22},"end":{"line":3,"column":38}},"loc":{"start":{"line":3,"column":70},"end":{"line":31,"column":null}},"line":3},"1":{"name":"(anonymous_1)","decl":{"start":{"line":7,"column":32},"end":{"line":7,"column":33}},"loc":{"start":{"line":7,"column":41},"end":{"line":7,"column":73}},"line":7},"2":{"name":"(anonymous_2)","decl":{"start":{"line":8,"column":31},"end":{"line":8,"column":32}},"loc":{"start":{"line":8,"column":40},"end":{"line":8,"column":53}},"line":8},"3":{"name":"(anonymous_3)","decl":{"start":{"line":9,"column":34},"end":{"line":9,"column":35}},"loc":{"start":{"line":9,"column":43},"end":{"line":9,"column":56}},"line":9},"4":{"name":"(anonymous_4)","decl":{"start":{"line":10,"column":37},"end":{"line":10,"column":38}},"loc":{"start":{"line":10,"column":46},"end":{"line":10,"column":59}},"line":10},"5":{"name":"(anonymous_5)","decl":{"start":{"line":16,"column":30},"end":{"line":16,"column":31}},"loc":{"start":{"line":16,"column":39},"end":{"line":16,"column":55}},"line":16},"6":{"name":"(anonymous_6)","decl":{"start":{"line":17,"column":32},"end":{"line":17,"column":33}},"loc":{"start":{"line":17,"column":41},"end":{"line":17,"column":54}},"line":17},"7":{"name":"(anonymous_7)","decl":{"start":{"line":23,"column":32},"end":{"line":23,"column":33}},"loc":{"start":{"line":23,"column":41},"end":{"line":23,"column":73}},"line":23},"8":{"name":"(anonymous_8)","decl":{"start":{"line":24,"column":39},"end":{"line":24,"column":40}},"loc":{"start":{"line":24,"column":48},"end":{"line":24,"column":70}},"line":24},"9":{"name":"(anonymous_9)","decl":{"start":{"line":25,"column":41},"end":{"line":25,"column":42}},"loc":{"start":{"line":25,"column":50},"end":{"line":25,"column":63}},"line":25},"10":{"name":"(anonymous_10)","decl":{"start":{"line":26,"column":29},"end":{"line":26,"column":30}},"loc":{"start":{"line":26,"column":38},"end":{"line":26,"column":51}},"line":26},"11":{"name":"(anonymous_11)","decl":{"start":{"line":27,"column":31},"end":{"line":27,"column":32}},"loc":{"start":{"line":27,"column":40},"end":{"line":27,"column":53}},"line":27},"12":{"name":"(anonymous_12)","decl":{"start":{"line":28,"column":37},"end":{"line":28,"column":38}},"loc":{"start":{"line":28,"column":46},"end":{"line":28,"column":59}},"line":28},"13":{"name":"(anonymous_13)","decl":{"start":{"line":29,"column":37},"end":{"line":29,"column":38}},"loc":{"start":{"line":29,"column":46},"end":{"line":29,"column":59}},"line":29}},"branchMap":{},"s":{"0":10,"1":10,"2":10,"3":10,"4":10,"5":10,"6":10,"7":10,"8":10,"9":10,"10":10,"11":10,"12":10,"13":10,"14":10,"15":10},"f":{"0":10,"1":10,"2":10,"3":10,"4":10,"5":10,"6":10,"7":10,"8":10,"9":10,"10":10,"11":10,"12":10,"13":10},"b":{},"meta":{"lastBranch":0,"lastFunction":14,"lastStatement":16,"seen":{"f:3:22:3:38":0,"s:4:2:11:Infinity":0,"f:7:32:7:33":1,"s:7:41:7:73":1,"f:8:31:8:32":2,"s:8:40:8:53":2,"f:9:34:9:35":3,"s:9:43:9:56":3,"f:10:37:10:38":4,"s:10:46:10:59":4,"s:13:2:18:Infinity":5,"f:16:30:16:31":5,"s:16:39:16:55":6,"f:17:32:17:33":6,"s:17:41:17:54":7,"s:20:2:30:Infinity":8,"f:23:32:23:33":7,"s:23:41:23:73":9,"f:24:39:24:40":8,"s:24:48:24:70":10,"f:25:41:25:42":9,"s:25:50:25:63":11,"f:26:29:26:30":10,"s:26:38:26:51":12,"f:27:31:27:32":11,"s:27:40:27:53":13,"f:28:37:28:38":12,"s:28:46:28:59":14,"f:29:37:29:38":13,"s:29:46:29:59":15}}}
,"/home/radivis/projects/bitboard-pwa-wallet/frontend/src/db/test-helpers.ts": {"path":"/home/radivis/projects/bitboard-pwa-wallet/frontend/src/db/test-helpers.ts","statementMap":{"0":{"start":{"line":7,"column":13},"end":{"line":11,"column":null}},"1":{"start":{"line":12,"column":2},"end":{"line":12,"column":null}},"2":{"start":{"line":13,"column":2},"end":{"line":13,"column":null}}},"fnMap":{"0":{"name":"createTestDatabase","decl":{"start":{"line":6,"column":22},"end":{"line":6,"column":70}},"loc":{"start":{"line":6,"column":70},"end":{"line":14,"column":null}},"line":6}},"branchMap":{},"s":{"0":10,"1":10,"2":10},"f":{"0":10},"b":{},"meta":{"lastBranch":0,"lastFunction":1,"lastStatement":3,"seen":{"f:6:22:6:70":0,"s:7:13:11:Infinity":0,"s:12:2:12:Infinity":1,"s:13:2:13:Infinity":2}}}
,"/home/radivis/projects/bitboard-pwa-wallet/frontend/src/db/wallet-persistence.ts": {"path":"/home/radivis/projects/bitboard-pwa-wallet/frontend/src/db/wallet-persistence.ts","statementMap":{"0":{"start":{"line":31,"column":2},"end":{"line":31,"column":null}},"1":{"start":{"line":33,"column":20},"end":{"line":33,"column":null}},"2":{"start":{"line":34,"column":20},"end":{"line":34,"column":null}},"3":{"start":{"line":36,"column":8},"end":{"line":36,"column":null}},"4":{"start":{"line":37,"column":19},"end":{"line":41,"column":null}},"5":{"start":{"line":43,"column":2},"end":{"line":66,"column":null}},"6":{"start":{"line":44,"column":4},"end":{"line":53,"column":null}},"7":{"start":{"line":55,"column":4},"end":{"line":65,"column":null}},"8":{"start":{"line":85,"column":17},"end":{"line":89,"column":null}},"9":{"start":{"line":91,"column":2},"end":{"line":93,"column":null}},"10":{"start":{"line":92,"column":4},"end":{"line":92,"column":null}},"11":{"start":{"line":95,"column":20},"end":{"line":99,"column":null}},"12":{"start":{"line":101,"column":2},"end":{"line":101,"column":null}},"13":{"start":{"line":113,"column":2},"end":{"line":116,"column":null}},"14":{"start":{"line":120,"column":17},"end":{"line":124,"column":null}},"15":{"start":{"line":126,"column":2},"end":{"line":128,"column":null}},"16":{"start":{"line":127,"column":4},"end":{"line":127,"column":null}}},"fnMap":{"0":{"name":"saveWalletSecrets","decl":{"start":{"line":25,"column":22},"end":{"line":25,"column":null}},"loc":{"start":{"line":30,"column":17},"end":{"line":67,"column":null}},"line":30},"1":{"name":"loadWalletSecrets","decl":{"start":{"line":80,"column":22},"end":{"line":80,"column":null}},"loc":{"start":{"line":84,"column":26},"end":{"line":102,"column":null}},"line":84},"2":{"name":"deleteWalletSecrets","decl":{"start":{"line":109,"column":22},"end":{"line":109,"column":null}},"loc":{"start":{"line":112,"column":17},"end":{"line":117,"column":null}},"line":112},"3":{"name":"assertWalletExists","decl":{"start":{"line":119,"column":15},"end":{"line":119,"column":34}},"loc":{"start":{"line":119,"column":89},"end":{"line":129,"column":null}},"line":119}},"branchMap":{"0":{"loc":{"start":{"line":43,"column":2},"end":{"line":66,"column":null}},"type":"if","locations":[{"start":{"line":43,"column":2},"end":{"line":66,"column":null}},{"start":{"line":54,"column":9},"end":{"line":66,"column":null}}],"line":43},"1":{"loc":{"start":{"line":91,"column":2},"end":{"line":93,"column":null}},"type":"if","locations":[{"start":{"line":91,"column":2},"end":{"line":93,"column":null}},{"start":{},"end":{}}],"line":91},"2":{"loc":{"start":{"line":126,"column":2},"end":{"line":128,"column":null}},"type":"if","locations":[{"start":{"line":126,"column":2},"end":{"line":128,"column":null}},{"start":{},"end":{}}],"line":126}},"s":{"0":10,"1":9,"2":9,"3":9,"4":9,"5":9,"6":1,"7":8,"8":6,"9":6,"10":1,"11":5,"12":4,"13":2,"14":10,"15":10,"16":1},"f":{"0":10,"1":6,"2":2,"3":10},"b":{"0":[1,8],"1":[1,5],"2":[1,9]},"meta":{"lastBranch":3,"lastFunction":4,"lastStatement":17,"seen":{"f:25:22:25:Infinity":0,"s:31:2:31:Infinity":0,"s:33:20:33:Infinity":1,"s:34:20:34:Infinity":2,"s:36:8:36:Infinity":3,"s:37:19:41:Infinity":4,"b:43:2:66:Infinity:54:9:66:Infinity":0,"s:43:2:66:Infinity":5,"s:44:4:53:Infinity":6,"s:55:4:65:Infinity":7,"f:80:22:80:Infinity":1,"s:85:17:89:Infinity":8,"b:91:2:93:Infinity:undefined:undefined:undefined:undefined":1,"s:91:2:93:Infinity":9,"s:92:4:92:Infinity":10,"s:95:20:99:Infinity":11,"s:101:2:101:Infinity":12,"f:109:22:109:Infinity":2,"s:113:2:116:Infinity":13,"f:119:15:119:34":3,"s:120:17:124:Infinity":14,"b:126:2:128:Infinity:undefined:undefined:undefined:undefined":2,"s:126:2:128:Infinity":15,"s:127:4:127:Infinity":16}}}
}
